# JRE version: OpenJDK Runtime Environment Temurin-21.0.8+9 (21.0.8+9) (build 21.0.8+9-LTS)
# Java VM: OpenJDK 64-Bit Server VM Temurin-21.0.8+9 (21.0.8+9-LTS, mixed mode, sharing, tiered, compressed oops, compressed class ptrs, parallel gc, windows-amd64)
GC Precious Log:
 CardTable entry size: 512
 CPUs: 8 total, 8 available
 Memory: 16106M
 Large Page Support: Disabled
 NUMA Support: Disabled
 Compressed Oops: Enabled (32-bit)
 Alignments: Space 512K, Generation 512K, Heap 2M
 Heap Min Capacity: 100M
 Heap Initial Capacity: 100M
 Heap Max Capacity: 2G
 Pre-touch: Disabled
 Parallel Workers: 8
Heap:
 PSYoungGen      total 4608K, used 1166K [0x00000000d5580000, 0x00000000d5b00000, 0x0000000100000000)
  eden space 4096K, 18% used [0x00000000d5580000,0x00000000d563fa40,0x00000000d5980000)
  from space 512K, 78% used [0x00000000d5a80000,0x00000000d5ae4030,0x00000000d5b00000)
  to   space 512K, 0% used [0x00000000d5a00000,0x00000000d5a00000,0x00000000d5a80000)
 ParOldGen       total 912896K, used 912762K [0x0000000080000000, 0x00000000b7b80000, 0x00000000d5580000)
  object space 912896K, 99% used [0x0000000080000000,0x00000000b7b5e870,0x00000000b7b80000)
 Metaspace       used 89709K, committed 91392K, reserved 1179648K
  class space    used 8772K, committed 9536K, reserved 1048576K
GC Heap History (20 events):
Event: 25190.221 GC heap before
{Heap before GC invocations=3155 (full 8):
 PSYoungGen      total 5120K, used 4624K [0x00000000d5580000, 0x00000000d5b80000, 0x0000000100000000)
  eden space 4096K, 100% used [0x00000000d5580000,0x00000000d5980000,0x00000000d5980000)
  from space 1024K, 51% used [0x00000000d5a80000,0x00000000d5b04010,0x00000000d5b80000)
  to   space 1024K, 0% used [0x00000000d5980000,0x00000000d5980000,0x00000000d5a80000)
 ParOldGen       total 910336K, used 908957K [0x0000000080000000, 0x00000000b7900000, 0x00000000d5580000)
  object space 910336K, 99% used [0x0000000080000000,0x00000000b77a7790,0x00000000b7900000)
 Metaspace       used 89688K, committed 91328K, reserved 1179648K
  class space    used 8772K, committed 9536K, reserved 1048576K
}
Event: 25190.223 GC heap after
{Heap after GC invocations=3155 (full 8):
 PSYoungGen      total 5120K, used 384K [0x00000000d5580000, 0x00000000d5b00000, 0x0000000100000000)
  eden space 4096K, 0% used [0x00000000d5580000,0x00000000d5580000,0x00000000d5980000)
  from space 1024K, 37% used [0x00000000d5980000,0x00000000d59e0000,0x00000000d5a80000)
  to   space 512K, 0% used [0x00000000d5a80000,0x00000000d5a80000,0x00000000d5b00000)
 ParOldGen       total 910336K, used 909437K [0x0000000080000000, 0x00000000b7900000, 0x00000000d5580000)
  object space 910336K, 99% used [0x0000000080000000,0x00000000b781f7a0,0x00000000b7900000)
 Metaspace       used 89688K, committed 91328K, reserved 1179648K
  class space    used 8772K, committed 9536K, reserved 1048576K
}
Event: 25190.577 GC heap before
{Heap before GC invocations=3156 (full 8):
 PSYoungGen      total 5120K, used 4479K [0x00000000d5580000, 0x00000000d5b00000, 0x0000000100000000)
  eden space 4096K, 99% used [0x00000000d5580000,0x00000000d597fff0,0x00000000d5980000)
  from space 1024K, 37% used [0x00000000d5980000,0x00000000d59e0000,0x00000000d5a80000)
  to   space 512K, 0% used [0x00000000d5a80000,0x00000000d5a80000,0x00000000d5b00000)
 ParOldGen       total 910336K, used 909437K [0x0000000080000000, 0x00000000b7900000, 0x00000000d5580000)
  object space 910336K, 99% used [0x0000000080000000,0x00000000b781f7a0,0x00000000b7900000)
 Metaspace       used 89693K, committed 91392K, reserved 1179648K
  class space    used 8772K, committed 9536K, reserved 1048576K
}
Event: 25190.578 GC heap after
{Heap after GC invocations=3156 (full 8):
 PSYoungGen      total 4608K, used 468K [0x00000000d5580000, 0x00000000d5b00000, 0x0000000100000000)
  eden space 4096K, 0% used [0x00000000d5580000,0x00000000d5580000,0x00000000d5980000)
  from space 512K, 91% used [0x00000000d5a80000,0x00000000d5af5220,0x00000000d5b00000)
  to   space 512K, 0% used [0x00000000d5a00000,0x00000000d5a00000,0x00000000d5a80000)
 ParOldGen       total 910336K, used 909709K [0x0000000080000000, 0x00000000b7900000, 0x00000000d5580000)
  object space 910336K, 99% used [0x0000000080000000,0x00000000b78637a0,0x00000000b7900000)
 Metaspace       used 89693K, committed 91392K, reserved 1179648K
  class space    used 8772K, committed 9536K, reserved 1048576K
}
Event: 25190.582 GC heap before
{Heap before GC invocations=3157 (full 8):
 PSYoungGen      total 4608K, used 4564K [0x00000000d5580000, 0x00000000d5b00000, 0x0000000100000000)
  eden space 4096K, 100% used [0x00000000d5580000,0x00000000d5980000,0x00000000d5980000)
  from space 512K, 91% used [0x00000000d5a80000,0x00000000d5af5220,0x00000000d5b00000)
  to   space 512K, 0% used [0x00000000d5a00000,0x00000000d5a00000,0x00000000d5a80000)
 ParOldGen       total 910336K, used 909709K [0x0000000080000000, 0x00000000b7900000, 0x00000000d5580000)
  object space 910336K, 99% used [0x0000000080000000,0x00000000b78637a0,0x00000000b7900000)
 Metaspace       used 89693K, committed 91392K, reserved 1179648K
  class space    used 8772K, committed 9536K, reserved 1048576K
}
Event: 25190.583 GC heap after
{Heap after GC invocations=3157 (full 8):
 PSYoungGen      total 4608K, used 512K [0x00000000d5580000, 0x00000000d5b80000, 0x0000000100000000)
  eden space 4096K, 0% used [0x00000000d5580000,0x00000000d5580000,0x00000000d5980000)
  from space 512K, 100% used [0x00000000d5a00000,0x00000000d5a80000,0x00000000d5a80000)
  to   space 1024K, 0% used [0x00000000d5a80000,0x00000000d5a80000,0x00000000d5b80000)
 ParOldGen       total 910336K, used 910087K [0x0000000080000000, 0x00000000b7900000, 0x00000000d5580000)
  object space 910336K, 99% used [0x0000000080000000,0x00000000b78c1fb0,0x00000000b7900000)
 Metaspace       used 89693K, committed 91392K, reserved 1179648K
  class space    used 8772K, committed 9536K, reserved 1048576K
}
Event: 25190.587 GC heap before
{Heap before GC invocations=3158 (full 8):
 PSYoungGen      total 4608K, used 4608K [0x00000000d5580000, 0x00000000d5b80000, 0x0000000100000000)
  eden space 4096K, 100% used [0x00000000d5580000,0x00000000d5980000,0x00000000d5980000)
  from space 512K, 100% used [0x00000000d5a00000,0x00000000d5a80000,0x00000000d5a80000)
  to   space 1024K, 0% used [0x00000000d5a80000,0x00000000d5a80000,0x00000000d5b80000)
 ParOldGen       total 910336K, used 910087K [0x0000000080000000, 0x00000000b7900000, 0x00000000d5580000)
  object space 910336K, 99% used [0x0000000080000000,0x00000000b78c1fb0,0x00000000b7900000)
 Metaspace       used 89693K, committed 91392K, reserved 1179648K
  class space    used 8772K, committed 9536K, reserved 1048576K
}
Event: 25190.589 GC heap after
{Heap after GC invocations=3158 (full 8):
 PSYoungGen      total 5120K, used 448K [0x00000000d5580000, 0x00000000d5b80000, 0x0000000100000000)
  eden space 4096K, 0% used [0x00000000d5580000,0x00000000d5580000,0x00000000d5980000)
  from space 1024K, 43% used [0x00000000d5a80000,0x00000000d5af0000,0x00000000d5b80000)
  to   space 1024K, 0% used [0x00000000d5980000,0x00000000d5980000,0x00000000d5a80000)
 ParOldGen       total 910848K, used 910543K [0x0000000080000000, 0x00000000b7980000, 0x00000000d5580000)
  object space 910848K, 99% used [0x0000000080000000,0x00000000b7933e10,0x00000000b7980000)
 Metaspace       used 89693K, committed 91392K, reserved 1179648K
  class space    used 8772K, committed 9536K, reserved 1048576K
}
Event: 25190.595 GC heap before
{Heap before GC invocations=3159 (full 8):
 PSYoungGen      total 5120K, used 4544K [0x00000000d5580000, 0x00000000d5b80000, 0x0000000100000000)
  eden space 4096K, 100% used [0x00000000d5580000,0x00000000d5980000,0x00000000d5980000)
  from space 1024K, 43% used [0x00000000d5a80000,0x00000000d5af0000,0x00000000d5b80000)
  to   space 1024K, 0% used [0x00000000d5980000,0x00000000d5980000,0x00000000d5a80000)
 ParOldGen       total 910848K, used 910543K [0x0000000080000000, 0x00000000b7980000, 0x00000000d5580000)
  object space 910848K, 99% used [0x0000000080000000,0x00000000b7933e10,0x00000000b7980000)
 Metaspace       used 89693K, committed 91392K, reserved 1179648K
  class space    used 8772K, committed 9536K, reserved 1048576K
}
Event: 25190.596 GC heap after
{Heap after GC invocations=3159 (full 8):
 PSYoungGen      total 5120K, used 650K [0x00000000d5580000, 0x00000000d5b80000, 0x0000000100000000)
  eden space 4096K, 0% used [0x00000000d5580000,0x00000000d5580000,0x00000000d5980000)
  from space 1024K, 63% used [0x00000000d5980000,0x00000000d5a22910,0x00000000d5a80000)
  to   space 1024K, 0% used [0x00000000d5a80000,0x00000000d5a80000,0x00000000d5b80000)
 ParOldGen       total 910848K, used 910823K [0x0000000080000000, 0x00000000b7980000, 0x00000000d5580000)
  object space 910848K, 99% used [0x0000000080000000,0x00000000b7979e10,0x00000000b7980000)
 Metaspace       used 89693K, committed 91392K, reserved 1179648K
  class space    used 8772K, committed 9536K, reserved 1048576K
}
Event: 25190.601 GC heap before
{Heap before GC invocations=3160 (full 8):
 PSYoungGen      total 5120K, used 4746K [0x00000000d5580000, 0x00000000d5b80000, 0x0000000100000000)
  eden space 4096K, 100% used [0x00000000d5580000,0x00000000d5980000,0x00000000d5980000)
  from space 1024K, 63% used [0x00000000d5980000,0x00000000d5a22910,0x00000000d5a80000)
  to   space 1024K, 0% used [0x00000000d5a80000,0x00000000d5a80000,0x00000000d5b80000)
 ParOldGen       total 910848K, used 910823K [0x0000000080000000, 0x00000000b7980000, 0x00000000d5580000)
  object space 910848K, 99% used [0x0000000080000000,0x00000000b7979e10,0x00000000b7980000)
 Metaspace       used 89693K, committed 91392K, reserved 1179648K
  class space    used 8772K, committed 9536K, reserved 1048576K
}
Event: 25190.603 GC heap after
{Heap after GC invocations=3160 (full 8):
 PSYoungGen      total 4608K, used 288K [0x00000000d5580000, 0x00000000d5b00000, 0x0000000100000000)
  eden space 4096K, 0% used [0x00000000d5580000,0x00000000d5580000,0x00000000d5980000)
  from space 512K, 56% used [0x00000000d5a80000,0x00000000d5ac8000,0x00000000d5b00000)
  to   space 512K, 0% used [0x00000000d5a00000,0x00000000d5a00000,0x00000000d5a80000)
 ParOldGen       total 911872K, used 911403K [0x0000000080000000, 0x00000000b7a80000, 0x00000000d5580000)
  object space 911872K, 99% used [0x0000000080000000,0x00000000b7a0ae80,0x00000000b7a80000)
 Metaspace       used 89693K, committed 91392K, reserved 1179648K
  class space    used 8772K, committed 9536K, reserved 1048576K
}
Event: 25196.559 GC heap before
{Heap before GC invocations=3161 (full 8):
 PSYoungGen      total 4608K, used 4384K [0x00000000d5580000, 0x00000000d5b00000, 0x0000000100000000)
  eden space 4096K, 100% used [0x00000000d5580000,0x00000000d5980000,0x00000000d5980000)
  from space 512K, 56% used [0x00000000d5a80000,0x00000000d5ac8000,0x00000000d5b00000)
  to   space 512K, 0% used [0x00000000d5a00000,0x00000000d5a00000,0x00000000d5a80000)
 ParOldGen       total 911872K, used 911403K [0x0000000080000000, 0x00000000b7a80000, 0x00000000d5580000)
  object space 911872K, 99% used [0x0000000080000000,0x00000000b7a0ae80,0x00000000b7a80000)
 Metaspace       used 89694K, committed 91392K, reserved 1179648K
  class space    used 8772K, committed 9536K, reserved 1048576K
}
Event: 25196.560 GC heap after
{Heap after GC invocations=3161 (full 8):
 PSYoungGen      total 4608K, used 393K [0x00000000d5580000, 0x00000000d5b00000, 0x0000000100000000)
  eden space 4096K, 0% used [0x00000000d5580000,0x00000000d5580000,0x00000000d5980000)
  from space 512K, 76% used [0x00000000d5a00000,0x00000000d5a62400,0x00000000d5a80000)
  to   space 512K, 0% used [0x00000000d5a80000,0x00000000d5a80000,0x00000000d5b00000)
 ParOldGen       total 911872K, used 911659K [0x0000000080000000, 0x00000000b7a80000, 0x00000000d5580000)
  object space 911872K, 99% used [0x0000000080000000,0x00000000b7a4ae80,0x00000000b7a80000)
 Metaspace       used 89694K, committed 91392K, reserved 1179648K
  class space    used 8772K, committed 9536K, reserved 1048576K
}
Event: 25196.567 GC heap before
{Heap before GC invocations=3162 (full 8):
 PSYoungGen      total 4608K, used 4489K [0x00000000d5580000, 0x00000000d5b00000, 0x0000000100000000)
  eden space 4096K, 100% used [0x00000000d5580000,0x00000000d5980000,0x00000000d5980000)
  from space 512K, 76% used [0x00000000d5a00000,0x00000000d5a62400,0x00000000d5a80000)
  to   space 512K, 0% used [0x00000000d5a80000,0x00000000d5a80000,0x00000000d5b00000)
 ParOldGen       total 911872K, used 911659K [0x0000000080000000, 0x00000000b7a80000, 0x00000000d5580000)
  object space 911872K, 99% used [0x0000000080000000,0x00000000b7a4ae80,0x00000000b7a80000)
 Metaspace       used 89694K, committed 91392K, reserved 1179648K
  class space    used 8772K, committed 9536K, reserved 1048576K
}
Event: 25196.569 GC heap after
{Heap after GC invocations=3162 (full 8):
 PSYoungGen      total 4608K, used 496K [0x00000000d5580000, 0x00000000d5b80000, 0x0000000100000000)
  eden space 4096K, 0% used [0x00000000d5580000,0x00000000d5580000,0x00000000d5980000)
  from space 512K, 96% used [0x00000000d5a80000,0x00000000d5afc010,0x00000000d5b00000)
  to   space 1024K, 0% used [0x00000000d5980000,0x00000000d5980000,0x00000000d5a80000)
 ParOldGen       total 912384K, used 911922K [0x0000000080000000, 0x00000000b7b00000, 0x00000000d5580000)
  object space 912384K, 99% used [0x0000000080000000,0x00000000b7a8c860,0x00000000b7b00000)
 Metaspace       used 89694K, committed 91392K, reserved 1179648K
  class space    used 8772K, committed 9536K, reserved 1048576K
}
Event: 25196.577 GC heap before
{Heap before GC invocations=3163 (full 8):
 PSYoungGen      total 4608K, used 4592K [0x00000000d5580000, 0x00000000d5b80000, 0x0000000100000000)
  eden space 4096K, 100% used [0x00000000d5580000,0x00000000d5980000,0x00000000d5980000)
  from space 512K, 96% used [0x00000000d5a80000,0x00000000d5afc010,0x00000000d5b00000)
  to   space 1024K, 0% used [0x00000000d5980000,0x00000000d5980000,0x00000000d5a80000)
 ParOldGen       total 912384K, used 911922K [0x0000000080000000, 0x00000000b7b00000, 0x00000000d5580000)
  object space 912384K, 99% used [0x0000000080000000,0x00000000b7a8c860,0x00000000b7b00000)
 Metaspace       used 89696K, committed 91392K, reserved 1179648K
  class space    used 8772K, committed 9536K, reserved 1048576K
}
Event: 25196.578 GC heap after
{Heap after GC invocations=3163 (full 8):
 PSYoungGen      total 5120K, used 448K [0x00000000d5580000, 0x00000000d5b80000, 0x0000000100000000)
  eden space 4096K, 0% used [0x00000000d5580000,0x00000000d5580000,0x00000000d5980000)
  from space 1024K, 43% used [0x00000000d5980000,0x00000000d59f0000,0x00000000d5a80000)
  to   space 1024K, 0% used [0x00000000d5a80000,0x00000000d5a80000,0x00000000d5b80000)
 ParOldGen       total 912896K, used 912386K [0x0000000080000000, 0x00000000b7b80000, 0x00000000d5580000)
  object space 912896K, 99% used [0x0000000080000000,0x00000000b7b00870,0x00000000b7b80000)
 Metaspace       used 89696K, committed 91392K, reserved 1179648K
  class space    used 8772K, committed 9536K, reserved 1048576K
}
Event: 25352.517 GC heap before
{Heap before GC invocations=3164 (full 8):
 PSYoungGen      total 5120K, used 4544K [0x00000000d5580000, 0x00000000d5b80000, 0x0000000100000000)
  eden space 4096K, 100% used [0x00000000d5580000,0x00000000d5980000,0x00000000d5980000)
  from space 1024K, 43% used [0x00000000d5980000,0x00000000d59f0000,0x00000000d5a80000)
  to   space 1024K, 0% used [0x00000000d5a80000,0x00000000d5a80000,0x00000000d5b80000)
 ParOldGen       total 912896K, used 912386K [0x0000000080000000, 0x00000000b7b80000, 0x00000000d5580000)
  object space 912896K, 99% used [0x0000000080000000,0x00000000b7b00870,0x00000000b7b80000)
 Metaspace       used 89709K, committed 91392K, reserved 1179648K
  class space    used 8772K, committed 9536K, reserved 1048576K
}
Event: 25352.521 GC heap after
{Heap after GC invocations=3164 (full 8):
 PSYoungGen      total 4608K, used 400K [0x00000000d5580000, 0x00000000d5b00000, 0x0000000100000000)
  eden space 4096K, 0% used [0x00000000d5580000,0x00000000d5580000,0x00000000d5980000)
  from space 512K, 78% used [0x00000000d5a80000,0x00000000d5ae4030,0x00000000d5b00000)
  to   space 512K, 0% used [0x00000000d5a00000,0x00000000d5a00000,0x00000000d5a80000)
 ParOldGen       total 912896K, used 912762K [0x0000000080000000, 0x00000000b7b80000, 0x00000000d5580000)
  object space 912896K, 99% used [0x0000000080000000,0x00000000b7b5e870,0x00000000b7b80000)
 Metaspace       used 89709K, committed 91392K, reserved 1179648K
  class space    used 8772K, committed 9536K, reserved 1048576K
}

